{"target": -0.4605884140259984, "params": {"poly_debase": 4.753198042323167, "polyorder": 3.1609734803264744, "prominence": 11142.604425275418, "width": 61.16418195373611, "window": 33.61739870933704}, "datetime": {"datetime": "2019-01-29 19:22:25", "elapsed": 0.0, "delta": 0.0}}
{"target": -0.4276268948472662, "params": {"poly_debase": 1.8310473529191802, "polyorder": 1.5587806341330128, "prominence": 3462151.663160047, "width": 79.95672737190331, "window": 110.0692631306546}, "datetime": {"datetime": "2019-01-29 19:22:26", "elapsed": 1.276802, "delta": 1.276802}}
{"target": -0.18812692685019236, "params": {"poly_debase": 4.772750629629654, "polyorder": 3.0556585011902784, "prominence": 2052477.9748178592, "width": 175.74536984179815, "window": 10.340580673595602}, "datetime": {"datetime": "2019-01-29 19:22:28", "elapsed": 3.048307, "delta": 1.771505}}
{"target": -0.4301367247307181, "params": {"poly_debase": 7.03420759160562, "polyorder": 2.251914407101381, "prominence": 5591311.386173059, "width": 28.93700078045152, "window": 43.629790371551366}, "datetime": {"datetime": "2019-01-29 19:22:30", "elapsed": 4.605801, "delta": 1.557494}}
{"target": -0.3444198028562772, "params": {"poly_debase": 8.206701118079831, "polyorder": 3.9047847271581926, "prominence": 3141107.539810836, "width": 138.7722005181935, "window": 175.89588469772747}, "datetime": {"datetime": "2019-01-29 19:22:32", "elapsed": 6.371112, "delta": 1.765311}}
{"target": -0.42985396088820677, "params": {"poly_debase": 9.051459971534626, "polyorder": 1.2551326341093336, "prominence": 400157.2844964948, "width": 34.79625349334921, "window": 176.23778816873556}, "datetime": {"datetime": "2019-01-29 19:22:33", "elapsed": 7.69628, "delta": 1.325168}}
{"target": -0.4543129465347964, "params": {"poly_debase": 1.8851215044974508, "polyorder": 2.2633228750151564, "prominence": 9579316.406203514, "width": 107.0998917096304, "window": 139.9160372203423}, "datetime": {"datetime": "2019-01-29 19:22:34", "elapsed": 9.154903, "delta": 1.458623}}
{"target": -0.4576946487442037, "params": {"poly_debase": 3.8396406790545665, "polyorder": 3.059502783044751, "prominence": 8347910.462254755, "width": 4.63936719149417, "window": 151.27814141426865}, "datetime": {"datetime": "2019-01-29 19:22:36", "elapsed": 10.498259, "delta": 1.343356}}
{"target": -0.41869818972638934, "params": {"poly_debase": 9.899749800158453, "polyorder": 3.244496963139518, "prominence": 2811635.4807234076, "width": 158.06658636184622, "window": 25.129071282640194}, "datetime": {"datetime": "2019-01-29 19:22:37", "elapsed": 11.784252, "delta": 1.285993}}
{"target": -0.4828021300513238, "params": {"poly_debase": 5.0310417355831465, "polyorder": 3.7257865092792866, "prominence": 2943205.342253058, "width": 58.2672923786834, "window": 30.355571563064146}, "datetime": {"datetime": "2019-01-29 19:22:39", "elapsed": 13.40511, "delta": 1.620858}}
{"target": -0.46900518639924405, "params": {"poly_debase": 1.4340176865738878, "polyorder": 3.1554991017761087, "prominence": 2283810.676627008, "width": 144.593088699189, "window": 71.29867134937116}, "datetime": {"datetime": "2019-01-29 19:22:41", "elapsed": 15.386818, "delta": 1.981708}}
{"target": -0.1974342215822535, "params": {"poly_debase": 6.898137227874207, "polyorder": 3.647376877936266, "prominence": 1986122.861421538, "width": 198.94888293220524, "window": 6.03716311836253}, "datetime": {"datetime": "2019-01-29 19:22:43", "elapsed": 17.895671, "delta": 2.508853}}
{"target": -0.43132816670902846, "params": {"poly_debase": 1.7292665039800648, "polyorder": 3.1246603466374268, "prominence": 1710275.667267439, "width": 15.582944400027658, "window": 186.08875602261415}, "datetime": {"datetime": "2019-01-29 19:22:45", "elapsed": 19.9538, "delta": 2.058129}}
{"target": -0.43620492584227105, "params": {"poly_debase": 2.217545365577745, "polyorder": 1.881309832932503, "prominence": 6954721.440054646, "width": 161.0197154691737, "window": 130.53449891718049}, "datetime": {"datetime": "2019-01-29 19:22:47", "elapsed": 21.767435, "delta": 1.813635}}
{"target": -0.444408236279859, "params": {"poly_debase": 1.0747398789701808, "polyorder": 3.1192340808663834, "prominence": 4525589.789173443, "width": 55.135249403055575, "window": 54.7355315663113}, "datetime": {"datetime": "2019-01-29 19:22:49", "elapsed": 23.817707, "delta": 2.050272}}
{"target": -0.45865088261877135, "params": {"poly_debase": 6.569457337912851, "polyorder": 2.57236638158096, "prominence": 6267462.571754639, "width": 146.83838054068815, "window": 71.97958006946932}, "datetime": {"datetime": "2019-01-29 19:22:51", "elapsed": 26.055609, "delta": 2.237902}}
{"target": -0.4450556993131056, "params": {"poly_debase": 3.3531462358314745, "polyorder": 2.9739358510705265, "prominence": 7636768.258279957, "width": 76.691888849002, "window": 198.20955979337765}, "datetime": {"datetime": "2019-01-29 19:22:53", "elapsed": 28.038749, "delta": 1.98314}}
{"target": -0.44573733985214364, "params": {"poly_debase": 7.327443063560653, "polyorder": 1.011720622173626, "prominence": 1046785.5903328281, "width": 85.62697803128377, "window": 182.2090434411601}, "datetime": {"datetime": "2019-01-29 19:22:55", "elapsed": 30.110307, "delta": 2.071558}}
{"target": -0.4628186598827604, "params": {"poly_debase": 6.478498852941652, "polyorder": 3.5666658693125592, "prominence": 2023786.0904238985, "width": 95.77552187880943, "window": 108.97695832664478}, "datetime": {"datetime": "2019-01-29 19:22:58", "elapsed": 32.537892, "delta": 2.427585}}
{"target": -0.43843249407687285, "params": {"poly_debase": 4.319934575079949, "polyorder": 1.5074976172925494, "prominence": 1862930.9386688776, "width": 190.11686872409942, "window": 29.218989079801432}, "datetime": {"datetime": "2019-01-29 19:23:00", "elapsed": 34.591554, "delta": 2.053662}}
{"target": -0.4146770086201632, "params": {"poly_debase": 7.3851219442228535, "polyorder": 1.8058335310482072, "prominence": 4616510.113911136, "width": 27.674678209625675, "window": 11.282097342178625}, "datetime": {"datetime": "2019-01-29 19:23:02", "elapsed": 36.693868, "delta": 2.102314}}
{"target": -0.38006177844666333, "params": {"poly_debase": 6.657202414511807, "polyorder": 1.8732967074250308, "prominence": 4956437.83501471, "width": 177.80190398949367, "window": 8.94152873792471}, "datetime": {"datetime": "2019-01-29 19:23:04", "elapsed": 38.745233, "delta": 2.051365}}
{"target": -0.4537932099344068, "params": {"poly_debase": 5.246115980855838, "polyorder": 3.052772117689721, "prominence": 5239649.590133484, "width": 196.86235579826302, "window": 112.31388707224042}, "datetime": {"datetime": "2019-01-29 19:23:06", "elapsed": 40.903236, "delta": 2.158003}}
{"target": -0.4603473796610351, "params": {"poly_debase": 7.936854934190844, "polyorder": 3.84074419397055, "prominence": 8965523.950690823, "width": 187.31106032858068, "window": 102.52516892880172}, "datetime": {"datetime": "2019-01-29 19:23:08", "elapsed": 43.02933, "delta": 2.126094}}
{"target": -0.45995047564416097, "params": {"poly_debase": 7.635847720378601, "polyorder": 2.459708833467942, "prominence": 3967745.8079051664, "width": 27.76716142085478, "window": 122.20610304056069}, "datetime": {"datetime": "2019-01-29 19:23:10", "elapsed": 45.183753, "delta": 2.154423}}
{"target": -0.4661928133398185, "params": {"poly_debase": 6.165803316555127, "polyorder": 2.41312487101411, "prominence": 1410218.5978002874, "width": 49.205856595233435, "window": 141.91067608739263}, "datetime": {"datetime": "2019-01-29 19:23:13", "elapsed": 47.460371, "delta": 2.276618}}
{"target": -0.4474028529060477, "params": {"poly_debase": 6.421332213304616, "polyorder": 3.9443514272149827, "prominence": 9999905.92499064, "width": 77.7946154363714, "window": 189.1683252681281}, "datetime": {"datetime": "2019-01-29 19:23:15", "elapsed": 49.568634, "delta": 2.108263}}
{"target": -0.46028071781579777, "params": {"poly_debase": 7.543088724689832, "polyorder": 2.1474502878160067, "prominence": 8268094.61976643, "width": 153.507158251134, "window": 100.19931535887171}, "datetime": {"datetime": "2019-01-29 19:23:17", "elapsed": 51.969864, "delta": 2.40123}}
{"target": -0.41728974971650173, "params": {"poly_debase": 6.066447600442618, "polyorder": 1.2686958075486898, "prominence": 7291310.465223673, "width": 158.42685407633425, "window": 108.66198918676855}, "datetime": {"datetime": "2019-01-29 19:23:19", "elapsed": 54.01777, "delta": 2.047906}}
{"target": -0.4598295337601387, "params": {"poly_debase": 7.281026291857798, "polyorder": 2.132107295795588, "prominence": 1465431.973796591, "width": 192.7487808575225, "window": 120.87768262057538}, "datetime": {"datetime": "2019-01-29 19:23:22", "elapsed": 56.348303, "delta": 2.330533}}
